<?xml version="1.0" encoding="UTF-8"?>
<testng-results ignored="0" total="2" passed="2" failed="0" skipped="0">
  <reporter-output>
  </reporter-output>
  <suite started-at="2022-12-24T18:31:33Z" name="Default suite" finished-at="2022-12-24T18:35:28Z" duration-ms="235357">
    <groups>
    </groups>
    <test started-at="2022-12-24T18:31:33Z" name="Default test" finished-at="2022-12-24T18:35:28Z" duration-ms="235357">
      <class name="org.test.Flipkart">
        <test-method is-config="true" signature="Beforeclass()[pri:0, instance:org.test.Flipkart@5b799640]" started-at="2022-12-24T18:31:33Z" name="Beforeclass" finished-at="2022-12-24T18:32:46Z" duration-ms="73614" status="PASS">
          <reporter-output>
          </reporter-output>
        </test-method> <!-- Beforeclass -->
        <test-method is-config="true" signature="Beformethod()[pri:0, instance:org.test.Flipkart@5b799640]" started-at="2022-12-24T18:32:46Z" name="Beformethod" finished-at="2022-12-24T18:32:47Z" duration-ms="160" status="PASS">
          <reporter-output>
          </reporter-output>
        </test-method> <!-- Beformethod -->
        <test-method signature="productlist()[pri:0, instance:org.test.Flipkart@5b799640]" started-at="2022-12-24T18:32:47Z" name="productlist" finished-at="2022-12-24T18:35:18Z" duration-ms="151150" status="PASS">
          <reporter-output>
          </reporter-output>
        </test-method> <!-- productlist -->
        <test-method is-config="true" signature="AfterMethod()[pri:0, instance:org.test.Flipkart@5b799640]" started-at="2022-12-24T18:35:18Z" name="AfterMethod" finished-at="2022-12-24T18:35:18Z" duration-ms="1" status="PASS">
          <reporter-output>
          </reporter-output>
        </test-method> <!-- AfterMethod -->
        <test-method is-config="true" signature="Beformethod()[pri:0, instance:org.test.Flipkart@5b799640]" started-at="2022-12-24T18:35:18Z" name="Beformethod" finished-at="2022-12-24T18:35:18Z" duration-ms="1" status="PASS">
          <reporter-output>
          </reporter-output>
        </test-method> <!-- Beformethod -->
        <test-method signature="productprice()[pri:0, instance:org.test.Flipkart@5b799640]" started-at="2022-12-24T18:35:18Z" name="productprice" finished-at="2022-12-24T18:35:28Z" duration-ms="10276" status="PASS">
          <reporter-output>
          </reporter-output>
        </test-method> <!-- productprice -->
        <test-method is-config="true" signature="AfterMethod()[pri:0, instance:org.test.Flipkart@5b799640]" started-at="2022-12-24T18:35:28Z" name="AfterMethod" finished-at="2022-12-24T18:35:28Z" duration-ms="2" status="PASS">
          <reporter-output>
          </reporter-output>
        </test-method> <!-- AfterMethod -->
        <test-method is-config="true" signature="Afterclass()[pri:0, instance:org.test.Flipkart@5b799640]" started-at="2022-12-24T18:35:28Z" name="Afterclass" finished-at="2022-12-24T18:35:28Z" duration-ms="1" status="PASS">
          <reporter-output>
          </reporter-output>
        </test-method> <!-- Afterclass -->
      </class> <!-- org.test.Flipkart -->
    </test> <!-- Default test -->
  </suite> <!-- Default suite -->
</testng-results>
